[2025-03-21 02:32:18Z INFO HostContext] No proxy settings were found based on environmental variables (http_proxy/https_proxy/HTTP_PROXY/HTTPS_PROXY)
[2025-03-21 02:32:18Z INFO HostContext] Well known directory 'Bin': 'C:\Users\jasha\Desktop\Resources\Money-Lens-App\actions-runner\bin'
[2025-03-21 02:32:18Z INFO HostContext] Well known directory 'Root': 'C:\Users\jasha\Desktop\Resources\Money-Lens-App\actions-runner'
[2025-03-21 02:32:18Z INFO HostContext] Well known config file 'Credentials': 'C:\Users\jasha\Desktop\Resources\Money-Lens-App\actions-runner\.credentials'
[2025-03-21 02:32:18Z INFO HostContext] Well known directory 'Bin': 'C:\Users\jasha\Desktop\Resources\Money-Lens-App\actions-runner\bin'
[2025-03-21 02:32:18Z INFO HostContext] Well known directory 'Root': 'C:\Users\jasha\Desktop\Resources\Money-Lens-App\actions-runner'
[2025-03-21 02:32:18Z INFO HostContext] Well known config file 'Runner': 'C:\Users\jasha\Desktop\Resources\Money-Lens-App\actions-runner\.runner'
[2025-03-21 02:32:18Z INFO Listener] Runner is built for Windows (X64) - win-x64.
[2025-03-21 02:32:18Z INFO Listener] RuntimeInformation: Microsoft Windows 10.0.26100.
[2025-03-21 02:32:18Z INFO Listener] Version: 2.322.0
[2025-03-21 02:32:18Z INFO Listener] Commit: 0edc478ca75d0a753dcbcec7405f3f26db67b1ac
[2025-03-21 02:32:18Z INFO Listener] Culture: en-CA
[2025-03-21 02:32:18Z INFO Listener] UI Culture: en-US
[2025-03-21 02:32:18Z INFO HostContext] Well known directory 'Bin': 'C:\Users\jasha\Desktop\Resources\Money-Lens-App\actions-runner\bin'
[2025-03-21 02:32:18Z INFO HostContext] Well known directory 'Root': 'C:\Users\jasha\Desktop\Resources\Money-Lens-App\actions-runner'
[2025-03-21 02:32:18Z INFO Listener] Validating directory permissions for: 'C:\Users\jasha\Desktop\Resources\Money-Lens-App\actions-runner'
[2025-03-21 02:32:18Z INFO CommandLineParser] Parse
[2025-03-21 02:32:18Z INFO CommandLineParser] Parsing 1 args
[2025-03-21 02:32:18Z INFO CommandLineParser] parsing argument
[2025-03-21 02:32:18Z INFO CommandLineParser] HasArgs: False
[2025-03-21 02:32:18Z INFO CommandLineParser] Adding Command: run
[2025-03-21 02:32:18Z INFO Listener] Arguments parsed
[2025-03-21 02:32:18Z INFO Runner] ExecuteCommand
[2025-03-21 02:32:18Z INFO ConfigurationStore] currentAssemblyLocation: C:\Users\jasha\Desktop\Resources\Money-Lens-App\actions-runner\bin\Runner.Listener.dll
[2025-03-21 02:32:18Z INFO HostContext] Well known directory 'Bin': 'C:\Users\jasha\Desktop\Resources\Money-Lens-App\actions-runner\bin'
[2025-03-21 02:32:18Z INFO ConfigurationStore] binPath: C:\Users\jasha\Desktop\Resources\Money-Lens-App\actions-runner\bin
[2025-03-21 02:32:18Z INFO HostContext] Well known directory 'Bin': 'C:\Users\jasha\Desktop\Resources\Money-Lens-App\actions-runner\bin'
[2025-03-21 02:32:18Z INFO HostContext] Well known directory 'Root': 'C:\Users\jasha\Desktop\Resources\Money-Lens-App\actions-runner'
[2025-03-21 02:32:18Z INFO ConfigurationStore] RootFolder: C:\Users\jasha\Desktop\Resources\Money-Lens-App\actions-runner
[2025-03-21 02:32:18Z INFO HostContext] Well known directory 'Bin': 'C:\Users\jasha\Desktop\Resources\Money-Lens-App\actions-runner\bin'
[2025-03-21 02:32:18Z INFO HostContext] Well known directory 'Root': 'C:\Users\jasha\Desktop\Resources\Money-Lens-App\actions-runner'
[2025-03-21 02:32:18Z INFO HostContext] Well known config file 'Runner': 'C:\Users\jasha\Desktop\Resources\Money-Lens-App\actions-runner\.runner'
[2025-03-21 02:32:18Z INFO ConfigurationStore] ConfigFilePath: C:\Users\jasha\Desktop\Resources\Money-Lens-App\actions-runner\.runner
[2025-03-21 02:32:18Z INFO HostContext] Well known directory 'Bin': 'C:\Users\jasha\Desktop\Resources\Money-Lens-App\actions-runner\bin'
[2025-03-21 02:32:18Z INFO HostContext] Well known directory 'Root': 'C:\Users\jasha\Desktop\Resources\Money-Lens-App\actions-runner'
[2025-03-21 02:32:18Z INFO HostContext] Well known config file 'Credentials': 'C:\Users\jasha\Desktop\Resources\Money-Lens-App\actions-runner\.credentials'
[2025-03-21 02:32:18Z INFO ConfigurationStore] CredFilePath: C:\Users\jasha\Desktop\Resources\Money-Lens-App\actions-runner\.credentials
[2025-03-21 02:32:18Z INFO HostContext] Well known directory 'Bin': 'C:\Users\jasha\Desktop\Resources\Money-Lens-App\actions-runner\bin'
[2025-03-21 02:32:18Z INFO HostContext] Well known directory 'Root': 'C:\Users\jasha\Desktop\Resources\Money-Lens-App\actions-runner'
[2025-03-21 02:32:18Z INFO HostContext] Well known config file 'MigratedCredentials': 'C:\Users\jasha\Desktop\Resources\Money-Lens-App\actions-runner\.credentials_migrated'
[2025-03-21 02:32:18Z INFO ConfigurationStore] MigratedCredFilePath: C:\Users\jasha\Desktop\Resources\Money-Lens-App\actions-runner\.credentials_migrated
[2025-03-21 02:32:18Z INFO HostContext] Well known directory 'Bin': 'C:\Users\jasha\Desktop\Resources\Money-Lens-App\actions-runner\bin'
[2025-03-21 02:32:18Z INFO HostContext] Well known directory 'Root': 'C:\Users\jasha\Desktop\Resources\Money-Lens-App\actions-runner'
[2025-03-21 02:32:18Z INFO HostContext] Well known config file 'Service': 'C:\Users\jasha\Desktop\Resources\Money-Lens-App\actions-runner\.service'
[2025-03-21 02:32:18Z INFO ConfigurationStore] ServiceConfigFilePath: C:\Users\jasha\Desktop\Resources\Money-Lens-App\actions-runner\.service
[2025-03-21 02:32:18Z INFO CommandSettings] Flag 'help': 'False'
[2025-03-21 02:32:18Z INFO CommandSettings] Flag 'version': 'False'
[2025-03-21 02:32:18Z INFO CommandSettings] Flag 'commit': 'False'
[2025-03-21 02:32:18Z INFO CommandSettings] Flag 'check': 'False'
[2025-03-21 02:32:18Z INFO CommandSettings] Command 'configure': 'False'
[2025-03-21 02:32:18Z INFO CommandSettings] Command 'remove': 'False'
[2025-03-21 02:32:18Z INFO CommandSettings] Command 'warmup': 'False'
[2025-03-21 02:32:18Z INFO ConfigurationManager] LoadSettings
[2025-03-21 02:32:18Z INFO ConfigurationStore] IsConfigured()
[2025-03-21 02:32:18Z INFO ConfigurationStore] IsConfigured: True
[2025-03-21 02:32:18Z INFO ConfigurationManager] Is configured: True
[2025-03-21 02:32:18Z INFO ConfigurationStore] Read setting file: 317 chars
[2025-03-21 02:32:18Z INFO ConfigurationManager] Settings Loaded
[2025-03-21 02:32:18Z INFO ConfigurationStore] IsServiceConfigured()
[2025-03-21 02:32:18Z INFO ConfigurationStore] IsServiceConfigured: True
[2025-03-21 02:32:18Z INFO CommandSettings] Command 'run': 'True'
[2025-03-21 02:32:18Z INFO ConfigurationStore] IsConfigured()
[2025-03-21 02:32:18Z INFO ConfigurationStore] IsConfigured: True
[2025-03-21 02:32:18Z INFO ConfigurationManager] Is configured: True
[2025-03-21 02:32:18Z INFO Runner] Try determine runner startup type base on console redirects.
[2025-03-21 02:32:18Z INFO Runner] Set runner startup type - Manual
[2025-03-21 02:32:18Z INFO CommandSettings] Flag 'once': 'False'
[2025-03-21 02:32:18Z INFO CommandSettings] Flag 'once': 'False'
[2025-03-21 02:32:18Z INFO Runner] RunAsync
[2025-03-21 02:32:18Z INFO ConfigurationManager] LoadSettings
[2025-03-21 02:32:18Z INFO ConfigurationStore] IsConfigured()
[2025-03-21 02:32:18Z INFO ConfigurationStore] IsConfigured: True
[2025-03-21 02:32:18Z INFO ConfigurationManager] Is configured: True
[2025-03-21 02:32:18Z INFO ConfigurationManager] Settings Loaded
[2025-03-21 02:32:18Z INFO MessageListener] {
  "AgentId": 22,
  "AgentName": "Money-lens-Jashan",
  "PoolId": 1,
  "PoolName": "Default",
  "ServerUrl": "https://pipelinesghubeus8.actions.githubusercontent.com/5qyzfvEahs87maLhFLmCYg7EIDbq1oeycwJFG7Bc0ZCkO5c5zU/",
  "GitHubUrl": "https://github.com/Money-Lens/Money-Lens-App",
  "WorkFolder": "_work"
}
[2025-03-21 02:32:18Z INFO MessageListener] Loading Credentials
[2025-03-21 02:32:18Z INFO ConfigurationStore] HasCredentials()
[2025-03-21 02:32:18Z INFO ConfigurationStore] stored True
[2025-03-21 02:32:18Z INFO CredentialManager] GetCredentialProvider
[2025-03-21 02:32:18Z INFO CredentialManager] Creating type OAuth
[2025-03-21 02:32:18Z INFO CredentialManager] Creating credential type: OAuth
[2025-03-21 02:32:18Z INFO HostContext] Well known directory 'Bin': 'C:\Users\jasha\Desktop\Resources\Money-Lens-App\actions-runner\bin'
[2025-03-21 02:32:18Z INFO HostContext] Well known directory 'Root': 'C:\Users\jasha\Desktop\Resources\Money-Lens-App\actions-runner'
[2025-03-21 02:32:18Z INFO HostContext] Well known config file 'RSACredentials': 'C:\Users\jasha\Desktop\Resources\Money-Lens-App\actions-runner\.credentials_rsaparams'
[2025-03-21 02:32:18Z INFO RSAEncryptedFileKeyManager] Loading RSA key parameters from file C:\Users\jasha\Desktop\Resources\Money-Lens-App\actions-runner\.credentials_rsaparams
[2025-03-21 02:32:18Z INFO MessageListener] Attempt to create session.
[2025-03-21 02:32:18Z INFO MessageListener] Connecting to the Runner Server...
[2025-03-21 02:32:18Z INFO RunnerServer] EstablishVssConnection
[2025-03-21 02:32:18Z INFO RunnerServer] Establish connection with 100 seconds timeout.
[2025-03-21 02:32:18Z INFO GitHubActionsService] Starting operation Location.GetConnectionData
[2025-03-21 02:32:18Z INFO RunnerServer] EstablishVssConnection
[2025-03-21 02:32:18Z INFO RunnerServer] Establish connection with 60 seconds timeout.
[2025-03-21 02:32:18Z INFO GitHubActionsService] Starting operation Location.GetConnectionData
[2025-03-21 02:32:18Z INFO RunnerServer] EstablishVssConnection
[2025-03-21 02:32:18Z INFO RunnerServer] Establish connection with 60 seconds timeout.
[2025-03-21 02:32:18Z INFO GitHubActionsService] Starting operation Location.GetConnectionData
[2025-03-21 02:32:18Z INFO GitHubActionsService] Finished operation Location.GetConnectionData
[2025-03-21 02:32:18Z INFO GitHubActionsService] Finished operation Location.GetConnectionData
[2025-03-21 02:32:18Z INFO GitHubActionsService] Finished operation Location.GetConnectionData
[2025-03-21 02:32:19Z INFO MessageListener] VssConnection created
[2025-03-21 02:32:19Z INFO Terminal] WRITE LINE: 
[2025-03-21 02:32:19Z INFO Terminal] WRITE LINE: 
[2025-03-21 02:32:19Z INFO RSAEncryptedFileKeyManager] Loading RSA key parameters from file C:\Users\jasha\Desktop\Resources\Money-Lens-App\actions-runner\.credentials_rsaparams
[2025-03-21 02:32:19Z INFO RSAEncryptedFileKeyManager] Loading RSA key parameters from file C:\Users\jasha\Desktop\Resources\Money-Lens-App\actions-runner\.credentials_rsaparams
[2025-03-21 02:32:19Z INFO GitHubActionsService] AAD Correlation ID for this token request: Unknown
[2025-03-21 02:32:19Z INFO MessageListener] Session created.
[2025-03-21 02:32:19Z INFO Terminal] WRITE LINE: Current runner version: '2.322.0'
[2025-03-21 02:32:19Z INFO Terminal] WRITE LINE: 2025-03-21 02:32:19Z: Listening for Jobs
[2025-03-21 02:32:19Z INFO JobDispatcher] Set runner/worker IPC timeout to 30 seconds.
[2025-03-21 02:32:19Z INFO RSAEncryptedFileKeyManager] Loading RSA key parameters from file C:\Users\jasha\Desktop\Resources\Money-Lens-App\actions-runner\.credentials_rsaparams
[2025-03-21 02:32:19Z INFO GitHubActionsService] AAD Correlation ID for this token request: Unknown
[2025-03-21 02:34:36Z INFO MessageListener] Message '9139174771475580020' received from session 'f0f1d43c-f89f-4104-b543-4e1c60a6d279'.
[2025-03-21 02:34:36Z INFO ConfigurationStore] HasCredentials()
[2025-03-21 02:34:36Z INFO ConfigurationStore] stored True
[2025-03-21 02:34:36Z INFO CredentialManager] GetCredentialProvider
[2025-03-21 02:34:36Z INFO CredentialManager] Creating type OAuth
[2025-03-21 02:34:36Z INFO CredentialManager] Creating credential type: OAuth
[2025-03-21 02:34:36Z INFO RSAEncryptedFileKeyManager] Loading RSA key parameters from file C:\Users\jasha\Desktop\Resources\Money-Lens-App\actions-runner\.credentials_rsaparams
[2025-03-21 02:34:36Z INFO RSAEncryptedFileKeyManager] Loading RSA key parameters from file C:\Users\jasha\Desktop\Resources\Money-Lens-App\actions-runner\.credentials_rsaparams
[2025-03-21 02:34:36Z INFO RSAEncryptedFileKeyManager] Loading RSA key parameters from file C:\Users\jasha\Desktop\Resources\Money-Lens-App\actions-runner\.credentials_rsaparams
[2025-03-21 02:34:36Z INFO GitHubActionsService] AAD Correlation ID for this token request: Unknown
[2025-03-21 02:34:36Z INFO JobDispatcher] Job request 0 for plan a9b12e97-f232-47a6-a273-fe3ac94c7c7d job 0a671b5a-3393-5a58-9387-85bf4f3d763f received.
[2025-03-21 02:34:36Z INFO MessageListener] Received job status event. JobState: Busy
[2025-03-21 02:34:36Z INFO MessageListener] _getMessagesTokenSource is already disposed.
[2025-03-21 02:34:36Z INFO Terminal] WRITE LINE: 2025-03-21 02:34:36Z: Running job: build-and-deploy
[2025-03-21 02:34:36Z INFO JobDispatcher] Start renew job request 0 for job 0a671b5a-3393-5a58-9387-85bf4f3d763f.
[2025-03-21 02:34:37Z INFO JobDispatcher] Successfully renew job 0a671b5a-3393-5a58-9387-85bf4f3d763f, job is valid till 2025-03-21 2:44:37 AM
[2025-03-21 02:34:37Z INFO HostContext] Well known directory 'Bin': 'C:\Users\jasha\Desktop\Resources\Money-Lens-App\actions-runner\bin'
[2025-03-21 02:34:37Z INFO ProcessInvokerWrapper] Starting process:
[2025-03-21 02:34:37Z INFO ProcessInvokerWrapper]   File name: 'C:\Users\jasha\Desktop\Resources\Money-Lens-App\actions-runner\bin\Runner.Worker.exe'
[2025-03-21 02:34:37Z INFO ProcessInvokerWrapper]   Arguments: 'spawnclient 2188 1548'
[2025-03-21 02:34:37Z INFO ProcessInvokerWrapper]   Working directory: 'C:\Users\jasha\Desktop\Resources\Money-Lens-App\actions-runner\bin'
[2025-03-21 02:34:37Z INFO ProcessInvokerWrapper]   Require exit code zero: 'False'
[2025-03-21 02:34:37Z INFO ProcessInvokerWrapper]   Encoding web name:  ; code page: ''
[2025-03-21 02:34:37Z INFO ProcessInvokerWrapper]   Force kill process on cancellation: 'True'
[2025-03-21 02:34:37Z INFO ProcessInvokerWrapper]   Redirected STDIN: 'False'
[2025-03-21 02:34:37Z INFO ProcessInvokerWrapper]   Persist current code page: 'False'
[2025-03-21 02:34:37Z INFO ProcessInvokerWrapper]   Keep redirected STDIN open: 'False'
[2025-03-21 02:34:37Z INFO ProcessInvokerWrapper]   High priority process: 'True'
[2025-03-21 02:34:37Z INFO ProcessInvokerWrapper] Process started with process id 28368, waiting for process exit.
[2025-03-21 02:34:37Z INFO JobDispatcher] Send job request message to worker for job 0a671b5a-3393-5a58-9387-85bf4f3d763f.
[2025-03-21 02:34:37Z INFO ProcessChannel] Sending message of length 22149, with hash '6dd001d553f5e96c583a7f0ecc77ab4ebe73a4c00bafa5e85f13643927696e9e'
[2025-03-21 02:34:37Z INFO JobNotification] Entering JobStarted Notification
[2025-03-21 02:34:37Z INFO JobNotification] Entering StartMonitor
[2025-03-21 02:35:37Z INFO JobDispatcher] Successfully renew job 0a671b5a-3393-5a58-9387-85bf4f3d763f, job is valid till 2025-03-21 2:45:37 AM
[2025-03-21 02:36:37Z INFO JobDispatcher] Successfully renew job 0a671b5a-3393-5a58-9387-85bf4f3d763f, job is valid till 2025-03-21 2:46:37 AM
[2025-03-21 02:37:37Z INFO JobDispatcher] Successfully renew job 0a671b5a-3393-5a58-9387-85bf4f3d763f, job is valid till 2025-03-21 2:47:37 AM
[2025-03-21 02:38:37Z INFO JobDispatcher] Successfully renew job 0a671b5a-3393-5a58-9387-85bf4f3d763f, job is valid till 2025-03-21 2:48:37 AM
[2025-03-21 02:39:27Z INFO ProcessInvokerWrapper] STDOUT/STDERR stream read finished.
[2025-03-21 02:39:27Z INFO ProcessInvokerWrapper] STDOUT/STDERR stream read finished.
[2025-03-21 02:39:27Z INFO ProcessInvokerWrapper] Finished process 28368 with exit code 102, and elapsed time 00:04:50.0809231.
[2025-03-21 02:39:27Z INFO JobDispatcher] Worker finished for job 0a671b5a-3393-5a58-9387-85bf4f3d763f. Code: 102
[2025-03-21 02:39:27Z INFO JobDispatcher] finish job request for job 0a671b5a-3393-5a58-9387-85bf4f3d763f with result: Failed
[2025-03-21 02:39:27Z INFO Terminal] WRITE LINE: 2025-03-21 02:39:27Z: Job build-and-deploy completed with result: Failed
[2025-03-21 02:39:27Z INFO JobDispatcher] Stop renew job request for job 0a671b5a-3393-5a58-9387-85bf4f3d763f.
[2025-03-21 02:39:27Z INFO JobDispatcher] job renew has been cancelled, stop renew job 0a671b5a-3393-5a58-9387-85bf4f3d763f.
[2025-03-21 02:39:27Z INFO JobNotification] Entering JobCompleted Notification
[2025-03-21 02:39:27Z INFO JobNotification] Entering EndMonitor
[2025-03-21 02:39:27Z INFO MessageListener] Received job status event. JobState: Online
[2025-03-21 03:02:55Z INFO HostContext] Runner will be shutdown for UserCancelled
[2025-03-21 03:02:55Z WARN GitHubActionsService] GET request to https://broker.actions.githubusercontent.com/message?sessionId=f0f1d43c-f89f-4104-b543-4e1c60a6d279&status=Online&runnerVersion=2.322.0&os=Windows&architecture=X64&disableUpdate=false has been cancelled.
[2025-03-21 03:02:55Z ERR  BrokerServer] Catch exception during request
[2025-03-21 03:02:55Z ERR  BrokerServer] System.Threading.Tasks.TaskCanceledException: The operation was canceled.
 ---> System.Threading.Tasks.TaskCanceledException: The operation was canceled.
 ---> System.IO.IOException: Unable to read data from the transport connection: The I/O operation has been aborted because of either a thread exit or an application request..
 ---> System.Net.Sockets.SocketException (995): The I/O operation has been aborted because of either a thread exit or an application request.
   --- End of inner exception stack trace ---
   at System.Net.Sockets.Socket.AwaitableSocketAsyncEventArgs.ThrowException(SocketError error, CancellationToken cancellationToken)
   at System.Net.Sockets.Socket.AwaitableSocketAsyncEventArgs.System.Threading.Tasks.Sources.IValueTaskSource<System.Int32>.GetResult(Int16 token)
   at System.Net.Security.SslStream.EnsureFullTlsFrameAsync[TIOAdapter](CancellationToken cancellationToken, Int32 estimatedSize)
   at System.Runtime.CompilerServices.PoolingAsyncValueTaskMethodBuilder`1.StateMachineBox`1.System.Threading.Tasks.Sources.IValueTaskSource<TResult>.GetResult(Int16 token)
   at System.Net.Security.SslStream.ReadAsyncInternal[TIOAdapter](Memory`1 buffer, CancellationToken cancellationToken)
   at System.Runtime.CompilerServices.PoolingAsyncValueTaskMethodBuilder`1.StateMachineBox`1.System.Threading.Tasks.Sources.IValueTaskSource<TResult>.GetResult(Int16 token)
   at System.Net.Http.HttpConnection.SendAsync(HttpRequestMessage request, Boolean async, CancellationToken cancellationToken)
   --- End of inner exception stack trace ---
   at System.Net.Http.HttpConnection.SendAsync(HttpRequestMessage request, Boolean async, CancellationToken cancellationToken)
   at System.Net.Http.AuthenticationHelper.SendWithNtAuthAsync(HttpRequestMessage request, Uri authUri, Boolean async, ICredentials credentials, Boolean isProxyAuth, HttpConnection connection, HttpConnectionPool connectionPool, CancellationToken cancellationToken)
   at System.Net.Http.HttpConnectionPool.SendWithVersionDetectionAndRetryAsync(HttpRequestMessage request, Boolean async, Boolean doRequestAuth, CancellationToken cancellationToken)
   at System.Net.Http.AuthenticationHelper.SendWithAuthAsync(HttpRequestMessage request, Uri authUri, Boolean async, ICredentials credentials, Boolean preAuthenticate, Boolean isProxyAuth, Boolean doRequestAuth, HttpConnectionPool pool, CancellationToken cancellationToken)
   at System.Net.Http.RedirectHandler.SendAsync(HttpRequestMessage request, Boolean async, CancellationToken cancellationToken)
   at GitHub.Services.Common.RawHttpMessageHandler.SendAsync(HttpRequestMessage request, CancellationToken cancellationToken)
   at GitHub.Services.Common.VssHttpRetryMessageHandler.SendAsync(HttpRequestMessage request, CancellationToken cancellationToken)
   at System.Net.Http.HttpClient.<SendAsync>g__Core|83_0(HttpRequestMessage request, HttpCompletionOption completionOption, CancellationTokenSource cts, Boolean disposeCts, CancellationTokenSource pendingRequestsCts, CancellationToken originalCancellationToken)
   --- End of inner exception stack trace ---
   at System.Net.Http.HttpClient.HandleFailure(Exception e, Boolean telemetryStarted, HttpResponseMessage response, CancellationTokenSource cts, CancellationToken cancellationToken, CancellationTokenSource pendingRequestsCts)
   at System.Net.Http.HttpClient.<SendAsync>g__Core|83_0(HttpRequestMessage request, HttpCompletionOption completionOption, CancellationTokenSource cts, Boolean disposeCts, CancellationTokenSource pendingRequestsCts, CancellationToken originalCancellationToken)
   at Sdk.WebApi.WebApi.RawHttpClientBase.SendAsync(HttpRequestMessage message, HttpCompletionOption completionOption, Object userState, CancellationToken cancellationToken)
   at Sdk.WebApi.WebApi.RawHttpClientBase.SendAsync[T](HttpRequestMessage message, Boolean readErrorBody, Object userState, CancellationToken cancellationToken)
   at Sdk.WebApi.WebApi.RawHttpClientBase.SendAsync[T](HttpMethod method, IEnumerable`1 additionalHeaders, Uri requestUri, HttpContent content, IEnumerable`1 queryParameters, Boolean readErrorBody, Object userState, CancellationToken cancellationToken)
   at GitHub.Actions.RunService.WebApi.BrokerHttpClient.GetRunnerMessageAsync(Nullable`1 sessionId, String runnerVersion, Nullable`1 status, String os, String architecture, Nullable`1 disableUpdate, CancellationToken cancellationToken)
   at GitHub.Runner.Common.BrokerServer.<>c__DisplayClass7_0.<<GetRunnerMessageAsync>b__0>d.MoveNext()
--- End of stack trace from previous location ---
   at GitHub.Runner.Common.RunnerService.RetryRequest[T](Func`1 func, CancellationToken cancellationToken, Int32 maxRetryAttemptsCount, Func`2 shouldRetry)
[2025-03-21 03:02:55Z ERR  BrokerServer] #####################################################
[2025-03-21 03:02:55Z ERR  BrokerServer] System.Threading.Tasks.TaskCanceledException: The operation was canceled.
 ---> System.IO.IOException: Unable to read data from the transport connection: The I/O operation has been aborted because of either a thread exit or an application request..
 ---> System.Net.Sockets.SocketException (995): The I/O operation has been aborted because of either a thread exit or an application request.
   --- End of inner exception stack trace ---
   at System.Net.Sockets.Socket.AwaitableSocketAsyncEventArgs.ThrowException(SocketError error, CancellationToken cancellationToken)
   at System.Net.Sockets.Socket.AwaitableSocketAsyncEventArgs.System.Threading.Tasks.Sources.IValueTaskSource<System.Int32>.GetResult(Int16 token)
   at System.Net.Security.SslStream.EnsureFullTlsFrameAsync[TIOAdapter](CancellationToken cancellationToken, Int32 estimatedSize)
   at System.Runtime.CompilerServices.PoolingAsyncValueTaskMethodBuilder`1.StateMachineBox`1.System.Threading.Tasks.Sources.IValueTaskSource<TResult>.GetResult(Int16 token)
   at System.Net.Security.SslStream.ReadAsyncInternal[TIOAdapter](Memory`1 buffer, CancellationToken cancellationToken)
   at System.Runtime.CompilerServices.PoolingAsyncValueTaskMethodBuilder`1.StateMachineBox`1.System.Threading.Tasks.Sources.IValueTaskSource<TResult>.GetResult(Int16 token)
   at System.Net.Http.HttpConnection.SendAsync(HttpRequestMessage request, Boolean async, CancellationToken cancellationToken)
   --- End of inner exception stack trace ---
   at System.Net.Http.HttpConnection.SendAsync(HttpRequestMessage request, Boolean async, CancellationToken cancellationToken)
   at System.Net.Http.AuthenticationHelper.SendWithNtAuthAsync(HttpRequestMessage request, Uri authUri, Boolean async, ICredentials credentials, Boolean isProxyAuth, HttpConnection connection, HttpConnectionPool connectionPool, CancellationToken cancellationToken)
   at System.Net.Http.HttpConnectionPool.SendWithVersionDetectionAndRetryAsync(HttpRequestMessage request, Boolean async, Boolean doRequestAuth, CancellationToken cancellationToken)
   at System.Net.Http.AuthenticationHelper.SendWithAuthAsync(HttpRequestMessage request, Uri authUri, Boolean async, ICredentials credentials, Boolean preAuthenticate, Boolean isProxyAuth, Boolean doRequestAuth, HttpConnectionPool pool, CancellationToken cancellationToken)
   at System.Net.Http.RedirectHandler.SendAsync(HttpRequestMessage request, Boolean async, CancellationToken cancellationToken)
   at GitHub.Services.Common.RawHttpMessageHandler.SendAsync(HttpRequestMessage request, CancellationToken cancellationToken)
   at GitHub.Services.Common.VssHttpRetryMessageHandler.SendAsync(HttpRequestMessage request, CancellationToken cancellationToken)
   at System.Net.Http.HttpClient.<SendAsync>g__Core|83_0(HttpRequestMessage request, HttpCompletionOption completionOption, CancellationTokenSource cts, Boolean disposeCts, CancellationTokenSource pendingRequestsCts, CancellationToken originalCancellationToken)
[2025-03-21 03:02:55Z ERR  BrokerServer] #####################################################
[2025-03-21 03:02:55Z ERR  BrokerServer] System.IO.IOException: Unable to read data from the transport connection: The I/O operation has been aborted because of either a thread exit or an application request..
 ---> System.Net.Sockets.SocketException (995): The I/O operation has been aborted because of either a thread exit or an application request.
   --- End of inner exception stack trace ---
   at System.Net.Sockets.Socket.AwaitableSocketAsyncEventArgs.ThrowException(SocketError error, CancellationToken cancellationToken)
   at System.Net.Sockets.Socket.AwaitableSocketAsyncEventArgs.System.Threading.Tasks.Sources.IValueTaskSource<System.Int32>.GetResult(Int16 token)
   at System.Net.Security.SslStream.EnsureFullTlsFrameAsync[TIOAdapter](CancellationToken cancellationToken, Int32 estimatedSize)
   at System.Runtime.CompilerServices.PoolingAsyncValueTaskMethodBuilder`1.StateMachineBox`1.System.Threading.Tasks.Sources.IValueTaskSource<TResult>.GetResult(Int16 token)
   at System.Net.Security.SslStream.ReadAsyncInternal[TIOAdapter](Memory`1 buffer, CancellationToken cancellationToken)
   at System.Runtime.CompilerServices.PoolingAsyncValueTaskMethodBuilder`1.StateMachineBox`1.System.Threading.Tasks.Sources.IValueTaskSource<TResult>.GetResult(Int16 token)
   at System.Net.Http.HttpConnection.SendAsync(HttpRequestMessage request, Boolean async, CancellationToken cancellationToken)
[2025-03-21 03:02:55Z ERR  BrokerServer] #####################################################
[2025-03-21 03:02:55Z ERR  BrokerServer] System.Net.Sockets.SocketException (995): The I/O operation has been aborted because of either a thread exit or an application request.
[2025-03-21 03:02:55Z WARN BrokerServer] Back off 14.723 seconds before next retry. 4 attempt left.
[2025-03-21 03:02:55Z INFO MessageListener] Get next message has been cancelled.
[2025-03-21 03:02:55Z INFO JobDispatcher] Shutting down JobDispatcher. Make sure all WorkerDispatcher has finished.
[2025-03-21 03:02:55Z INFO JobDispatcher] Ensure WorkerDispatcher for job 0a671b5a-3393-5a58-9387-85bf4f3d763f run to finish, cancel any running job.
[2025-03-21 03:02:55Z INFO JobDispatcher] Job request 0a671b5a-3393-5a58-9387-85bf4f3d763f processed succeed.
[2025-03-21 03:02:55Z INFO Runner] Deleting Runner Session...
[2025-03-21 03:02:55Z INFO Listener] Runner execution been cancelled.
