[2025-03-21 02:30:26Z INFO HostContext] No proxy settings were found based on environmental variables (http_proxy/https_proxy/HTTP_PROXY/HTTPS_PROXY)
[2025-03-21 02:30:26Z INFO HostContext] Well known directory 'Bin': 'C:\Users\jasha\Desktop\Resources\Money-Lens-App\actions-runner\bin'
[2025-03-21 02:30:26Z INFO HostContext] Well known directory 'Root': 'C:\Users\jasha\Desktop\Resources\Money-Lens-App\actions-runner'
[2025-03-21 02:30:26Z INFO HostContext] Well known config file 'Credentials': 'C:\Users\jasha\Desktop\Resources\Money-Lens-App\actions-runner\.credentials'
[2025-03-21 02:30:26Z INFO HostContext] Well known directory 'Bin': 'C:\Users\jasha\Desktop\Resources\Money-Lens-App\actions-runner\bin'
[2025-03-21 02:30:26Z INFO HostContext] Well known directory 'Root': 'C:\Users\jasha\Desktop\Resources\Money-Lens-App\actions-runner'
[2025-03-21 02:30:26Z INFO HostContext] Well known config file 'Runner': 'C:\Users\jasha\Desktop\Resources\Money-Lens-App\actions-runner\.runner'
[2025-03-21 02:30:26Z INFO Listener] Runner is built for Windows (X64) - win-x64.
[2025-03-21 02:30:26Z INFO Listener] RuntimeInformation: Microsoft Windows 10.0.26100.
[2025-03-21 02:30:26Z INFO Listener] Version: 2.322.0
[2025-03-21 02:30:26Z INFO Listener] Commit: 0edc478ca75d0a753dcbcec7405f3f26db67b1ac
[2025-03-21 02:30:26Z INFO Listener] Culture: en-CA
[2025-03-21 02:30:26Z INFO Listener] UI Culture: en-US
[2025-03-21 02:30:26Z INFO HostContext] Well known directory 'Bin': 'C:\Users\jasha\Desktop\Resources\Money-Lens-App\actions-runner\bin'
[2025-03-21 02:30:26Z INFO HostContext] Well known directory 'Root': 'C:\Users\jasha\Desktop\Resources\Money-Lens-App\actions-runner'
[2025-03-21 02:30:26Z INFO Listener] Validating directory permissions for: 'C:\Users\jasha\Desktop\Resources\Money-Lens-App\actions-runner'
[2025-03-21 02:30:26Z INFO CommandLineParser] Parse
[2025-03-21 02:30:26Z INFO CommandLineParser] Parsing 5 args
[2025-03-21 02:30:26Z INFO CommandLineParser] parsing argument
[2025-03-21 02:30:26Z INFO CommandLineParser] HasArgs: False
[2025-03-21 02:30:26Z INFO CommandLineParser] Adding Command: configure
[2025-03-21 02:30:26Z INFO CommandLineParser] parsing argument
[2025-03-21 02:30:26Z INFO CommandLineParser] HasArgs: True
[2025-03-21 02:30:26Z INFO CommandLineParser] arg: url
[2025-03-21 02:30:26Z INFO CommandLineParser] parsing argument
[2025-03-21 02:30:26Z INFO CommandLineParser] HasArgs: True
[2025-03-21 02:30:26Z INFO CommandLineParser] Adding option 'url': 'https://github.com/Money-Lens/Money-Lens-App'
[2025-03-21 02:30:26Z INFO CommandLineParser] parsing argument
[2025-03-21 02:30:26Z INFO CommandLineParser] HasArgs: True
[2025-03-21 02:30:26Z INFO CommandLineParser] arg: token
[2025-03-21 02:30:26Z INFO CommandLineParser] parsing argument
[2025-03-21 02:30:26Z INFO CommandLineParser] HasArgs: True
[2025-03-21 02:30:26Z INFO CommandLineParser] Adding option 'token': '***'
[2025-03-21 02:30:26Z INFO Listener] Arguments parsed
[2025-03-21 02:30:26Z INFO Runner] ExecuteCommand
[2025-03-21 02:30:26Z INFO ConfigurationStore] currentAssemblyLocation: C:\Users\jasha\Desktop\Resources\Money-Lens-App\actions-runner\bin\Runner.Listener.dll
[2025-03-21 02:30:26Z INFO HostContext] Well known directory 'Bin': 'C:\Users\jasha\Desktop\Resources\Money-Lens-App\actions-runner\bin'
[2025-03-21 02:30:26Z INFO ConfigurationStore] binPath: C:\Users\jasha\Desktop\Resources\Money-Lens-App\actions-runner\bin
[2025-03-21 02:30:26Z INFO HostContext] Well known directory 'Bin': 'C:\Users\jasha\Desktop\Resources\Money-Lens-App\actions-runner\bin'
[2025-03-21 02:30:26Z INFO HostContext] Well known directory 'Root': 'C:\Users\jasha\Desktop\Resources\Money-Lens-App\actions-runner'
[2025-03-21 02:30:26Z INFO ConfigurationStore] RootFolder: C:\Users\jasha\Desktop\Resources\Money-Lens-App\actions-runner
[2025-03-21 02:30:26Z INFO HostContext] Well known directory 'Bin': 'C:\Users\jasha\Desktop\Resources\Money-Lens-App\actions-runner\bin'
[2025-03-21 02:30:26Z INFO HostContext] Well known directory 'Root': 'C:\Users\jasha\Desktop\Resources\Money-Lens-App\actions-runner'
[2025-03-21 02:30:26Z INFO HostContext] Well known config file 'Runner': 'C:\Users\jasha\Desktop\Resources\Money-Lens-App\actions-runner\.runner'
[2025-03-21 02:30:26Z INFO ConfigurationStore] ConfigFilePath: C:\Users\jasha\Desktop\Resources\Money-Lens-App\actions-runner\.runner
[2025-03-21 02:30:26Z INFO HostContext] Well known directory 'Bin': 'C:\Users\jasha\Desktop\Resources\Money-Lens-App\actions-runner\bin'
[2025-03-21 02:30:26Z INFO HostContext] Well known directory 'Root': 'C:\Users\jasha\Desktop\Resources\Money-Lens-App\actions-runner'
[2025-03-21 02:30:26Z INFO HostContext] Well known config file 'Credentials': 'C:\Users\jasha\Desktop\Resources\Money-Lens-App\actions-runner\.credentials'
[2025-03-21 02:30:26Z INFO ConfigurationStore] CredFilePath: C:\Users\jasha\Desktop\Resources\Money-Lens-App\actions-runner\.credentials
[2025-03-21 02:30:26Z INFO HostContext] Well known directory 'Bin': 'C:\Users\jasha\Desktop\Resources\Money-Lens-App\actions-runner\bin'
[2025-03-21 02:30:26Z INFO HostContext] Well known directory 'Root': 'C:\Users\jasha\Desktop\Resources\Money-Lens-App\actions-runner'
[2025-03-21 02:30:26Z INFO HostContext] Well known config file 'MigratedCredentials': 'C:\Users\jasha\Desktop\Resources\Money-Lens-App\actions-runner\.credentials_migrated'
[2025-03-21 02:30:26Z INFO ConfigurationStore] MigratedCredFilePath: C:\Users\jasha\Desktop\Resources\Money-Lens-App\actions-runner\.credentials_migrated
[2025-03-21 02:30:26Z INFO HostContext] Well known directory 'Bin': 'C:\Users\jasha\Desktop\Resources\Money-Lens-App\actions-runner\bin'
[2025-03-21 02:30:26Z INFO HostContext] Well known directory 'Root': 'C:\Users\jasha\Desktop\Resources\Money-Lens-App\actions-runner'
[2025-03-21 02:30:26Z INFO HostContext] Well known config file 'Service': 'C:\Users\jasha\Desktop\Resources\Money-Lens-App\actions-runner\.service'
[2025-03-21 02:30:26Z INFO ConfigurationStore] ServiceConfigFilePath: C:\Users\jasha\Desktop\Resources\Money-Lens-App\actions-runner\.service
[2025-03-21 02:30:26Z INFO CommandSettings] Flag 'help': 'False'
[2025-03-21 02:30:26Z INFO CommandSettings] Flag 'version': 'False'
[2025-03-21 02:30:26Z INFO CommandSettings] Flag 'commit': 'False'
[2025-03-21 02:30:26Z INFO CommandSettings] Flag 'check': 'False'
[2025-03-21 02:30:26Z INFO CommandSettings] Command 'configure': 'True'
[2025-03-21 02:30:26Z INFO Terminal] WRITE LINE: 
[2025-03-21 02:30:26Z INFO Terminal] WRITE LINE: --------------------------------------------------------------------------------
[2025-03-21 02:30:26Z INFO Terminal] WRITE LINE: |        ____ _ _   _   _       _          _        _   _                      |
[2025-03-21 02:30:26Z INFO Terminal] WRITE LINE: |       / ___(_) |_| | | |_   _| |__      / \   ___| |_(_) ___  _ __  ___      |
[2025-03-21 02:30:26Z INFO Terminal] WRITE LINE: |      | |  _| | __| |_| | | | | '_ \    / _ \ / __| __| |/ _ \| '_ \/ __|     |
[2025-03-21 02:30:26Z INFO Terminal] WRITE LINE: |      | |_| | | |_|  _  | |_| | |_) |  / ___ \ (__| |_| | (_) | | | \__ \     |
[2025-03-21 02:30:26Z INFO Terminal] WRITE LINE: |       \____|_|\__|_| |_|\__,_|_.__/  /_/   \_\___|\__|_|\___/|_| |_|___/     |
[2025-03-21 02:30:26Z INFO Terminal] WRITE LINE: |                                                                              |
[2025-03-21 02:30:26Z INFO Terminal] WRITE: |                       
[2025-03-21 02:30:26Z INFO Terminal] WRITE: Self-hosted runner registration
[2025-03-21 02:30:26Z INFO Terminal] WRITE LINE:                         |
[2025-03-21 02:30:26Z INFO Terminal] WRITE LINE: |                                                                              |
[2025-03-21 02:30:26Z INFO Terminal] WRITE LINE: --------------------------------------------------------------------------------
[2025-03-21 02:30:26Z INFO ConfigurationManager] ConfigureAsync
[2025-03-21 02:30:26Z INFO CommandSettings] Flag 'generateServiceConfig': 'False'
[2025-03-21 02:30:26Z INFO ConfigurationStore] IsConfigured()
[2025-03-21 02:30:26Z INFO ConfigurationStore] IsConfigured: False
[2025-03-21 02:30:26Z INFO ConfigurationManager] Is configured: False
[2025-03-21 02:30:26Z INFO CommandSettings] Arg 'url': 'https://github.com/Money-Lens/Money-Lens-App'
[2025-03-21 02:30:26Z INFO CommandSettings] Remove url from Arg dictionary.
[2025-03-21 02:30:26Z INFO CommandSettings] Arg 'token': '***'
[2025-03-21 02:30:26Z INFO CommandSettings] Remove token from Arg dictionary.
[2025-03-21 02:30:26Z INFO ConfigurationManager] Http response code: OK from 'POST https://api.github.com/actions/runner-registration' (544F:3F173B:25FCBA5:4BEFD7D:67DCCF42)
[2025-03-21 02:30:26Z INFO ConfigurationManager] Using V2 flow: False
[2025-03-21 02:30:26Z INFO ConfigurationManager] cred retrieved via GitHub auth
[2025-03-21 02:30:26Z INFO RunnerServer] EstablishVssConnection
[2025-03-21 02:30:26Z INFO RunnerServer] Establish connection with 100 seconds timeout.
[2025-03-21 02:30:26Z INFO GitHubActionsService] Starting operation Location.GetConnectionData
[2025-03-21 02:30:26Z INFO RunnerServer] EstablishVssConnection
[2025-03-21 02:30:26Z INFO RunnerServer] Establish connection with 60 seconds timeout.
[2025-03-21 02:30:26Z INFO GitHubActionsService] Starting operation Location.GetConnectionData
[2025-03-21 02:30:26Z INFO RunnerServer] EstablishVssConnection
[2025-03-21 02:30:26Z INFO RunnerServer] Establish connection with 60 seconds timeout.
[2025-03-21 02:30:26Z INFO GitHubActionsService] Starting operation Location.GetConnectionData
[2025-03-21 02:30:26Z INFO GitHubActionsService] Finished operation Location.GetConnectionData
[2025-03-21 02:30:26Z INFO GitHubActionsService] Finished operation Location.GetConnectionData
[2025-03-21 02:30:26Z INFO GitHubActionsService] Finished operation Location.GetConnectionData
[2025-03-21 02:30:26Z INFO Terminal] WRITE LINE: 
[2025-03-21 02:30:26Z INFO ConfigurationManager] Test Connection complete.
[2025-03-21 02:30:26Z INFO HostContext] Well known directory 'Bin': 'C:\Users\jasha\Desktop\Resources\Money-Lens-App\actions-runner\bin'
[2025-03-21 02:30:26Z INFO HostContext] Well known directory 'Root': 'C:\Users\jasha\Desktop\Resources\Money-Lens-App\actions-runner'
[2025-03-21 02:30:26Z INFO HostContext] Well known config file 'RSACredentials': 'C:\Users\jasha\Desktop\Resources\Money-Lens-App\actions-runner\.credentials_rsaparams'
[2025-03-21 02:30:26Z INFO RSAEncryptedFileKeyManager] Creating new RSA key using 2048-bit key length
[2025-03-21 02:30:26Z INFO RSAEncryptedFileKeyManager] Successfully saved RSA key parameters to file C:\Users\jasha\Desktop\Resources\Money-Lens-App\actions-runner\.credentials_rsaparams
[2025-03-21 02:30:27Z INFO CommandSettings] Arg 'runnergroup': ''
[2025-03-21 02:30:27Z INFO CommandSettings] Flag 'unattended': 'False'
[2025-03-21 02:30:27Z INFO PromptManager] ReadValue
[2025-03-21 02:30:27Z INFO Terminal] WRITE: Enter the name of the runner group to add this runner to: 
[2025-03-21 02:30:27Z INFO Terminal] WRITE: [press Enter for Default] 
[2025-03-21 02:30:27Z INFO Terminal] READ LINE
[2025-03-21 02:30:28Z INFO Terminal] Read value: ''
[2025-03-21 02:30:28Z INFO PromptManager] Falling back to the default: 'Default'
[2025-03-21 02:30:28Z INFO Terminal] WRITE LINE: 
[2025-03-21 02:30:28Z INFO ConfigurationManager] Found a self-hosted runner group with id 1 and name Default
[2025-03-21 02:30:28Z INFO CommandSettings] Flag 'disableupdate': 'False'
[2025-03-21 02:30:28Z INFO CommandSettings] Flag 'ephemeral': 'False'
[2025-03-21 02:30:28Z INFO CommandSettings] Arg 'name': ''
[2025-03-21 02:30:28Z INFO CommandSettings] Flag 'unattended': 'False'
[2025-03-21 02:30:28Z INFO PromptManager] ReadValue
[2025-03-21 02:30:28Z INFO Terminal] WRITE: Enter the name of runner: 
[2025-03-21 02:30:28Z INFO Terminal] WRITE: [press Enter for LAPTOP-VPO0I77J] 
[2025-03-21 02:30:28Z INFO Terminal] READ LINE
[2025-03-21 02:30:39Z INFO Terminal] Read value: 'Money-lens-Jashan'
[2025-03-21 02:30:39Z INFO Terminal] WRITE LINE: 
[2025-03-21 02:30:39Z INFO CommandSettings] Arg 'labels': ''
[2025-03-21 02:30:39Z INFO CommandSettings] Flag 'unattended': 'False'
[2025-03-21 02:30:39Z INFO PromptManager] ReadValue
[2025-03-21 02:30:39Z INFO Terminal] WRITE: This runner will have the following labels: 'self-hosted', 'Windows', 'X64' 
Enter any additional labels (ex. label-1,label-2): 
[2025-03-21 02:30:39Z INFO Terminal] WRITE: [press Enter to skip] 
[2025-03-21 02:30:39Z INFO Terminal] READ LINE
[2025-03-21 02:30:43Z INFO Terminal] Read value: ''
[2025-03-21 02:30:43Z INFO Terminal] WRITE LINE: 
[2025-03-21 02:30:43Z INFO Terminal] WRITE LINE: A runner exists with the same name
[2025-03-21 02:30:43Z INFO CommandSettings] Flag 'replace': 'False'
[2025-03-21 02:30:43Z INFO CommandSettings] Flag 'unattended': 'False'
[2025-03-21 02:30:43Z INFO PromptManager] ReadValue
[2025-03-21 02:30:43Z INFO Terminal] WRITE: Would you like to replace the existing runner? (Y/N) 
[2025-03-21 02:30:43Z INFO Terminal] WRITE: [press Enter for N] 
[2025-03-21 02:30:43Z INFO Terminal] READ LINE
[2025-03-21 02:30:49Z INFO Terminal] Read value: 'Y'
[2025-03-21 02:30:49Z INFO CommandSettings] Flag 'disableupdate': 'False'
[2025-03-21 02:30:49Z INFO CommandSettings] Flag 'no-default-labels': 'False'
[2025-03-21 02:30:50Z INFO CommandSettings] Flag 'disableupdate': 'False'
[2025-03-21 02:30:50Z INFO CommandSettings] Flag 'ephemeral': 'False'
[2025-03-21 02:30:50Z INFO ConfigurationStore] Saving OAuth credential @ C:\Users\jasha\Desktop\Resources\Money-Lens-App\actions-runner\.credentials
[2025-03-21 02:30:50Z INFO ConfigurationStore] Credentials Saved.
[2025-03-21 02:30:50Z INFO ConfigurationStore] HasCredentials()
[2025-03-21 02:30:50Z INFO ConfigurationStore] stored True
[2025-03-21 02:30:50Z INFO CredentialManager] GetCredentialProvider
[2025-03-21 02:30:50Z INFO CredentialManager] Creating type OAuth
[2025-03-21 02:30:50Z INFO CredentialManager] Creating credential type: OAuth
[2025-03-21 02:30:50Z INFO RSAEncryptedFileKeyManager] Loading RSA key parameters from file C:\Users\jasha\Desktop\Resources\Money-Lens-App\actions-runner\.credentials_rsaparams
[2025-03-21 02:30:50Z INFO RunnerServer] EstablishVssConnection
[2025-03-21 02:30:50Z INFO RunnerServer] Establish connection with 100 seconds timeout.
[2025-03-21 02:30:50Z INFO GitHubActionsService] Starting operation Location.GetConnectionData
[2025-03-21 02:30:50Z INFO RunnerServer] EstablishVssConnection
[2025-03-21 02:30:50Z INFO RunnerServer] Establish connection with 60 seconds timeout.
[2025-03-21 02:30:50Z INFO GitHubActionsService] Starting operation Location.GetConnectionData
[2025-03-21 02:30:50Z INFO RunnerServer] EstablishVssConnection
[2025-03-21 02:30:50Z INFO RunnerServer] Establish connection with 60 seconds timeout.
[2025-03-21 02:30:50Z INFO GitHubActionsService] Starting operation Location.GetConnectionData
[2025-03-21 02:30:50Z INFO GitHubActionsService] Finished operation Location.GetConnectionData
[2025-03-21 02:30:50Z INFO GitHubActionsService] Finished operation Location.GetConnectionData
[2025-03-21 02:30:50Z INFO GitHubActionsService] Finished operation Location.GetConnectionData
[2025-03-21 02:30:50Z INFO RSAEncryptedFileKeyManager] Loading RSA key parameters from file C:\Users\jasha\Desktop\Resources\Money-Lens-App\actions-runner\.credentials_rsaparams
[2025-03-21 02:30:50Z INFO RSAEncryptedFileKeyManager] Loading RSA key parameters from file C:\Users\jasha\Desktop\Resources\Money-Lens-App\actions-runner\.credentials_rsaparams
[2025-03-21 02:30:50Z INFO GitHubActionsService] AAD Correlation ID for this token request: Unknown
[2025-03-21 02:30:50Z INFO CommandSettings] Arg 'work': ''
[2025-03-21 02:30:50Z INFO CommandSettings] Flag 'unattended': 'False'
[2025-03-21 02:30:50Z INFO PromptManager] ReadValue
[2025-03-21 02:30:50Z INFO Terminal] WRITE: Enter name of work folder: 
[2025-03-21 02:30:50Z INFO Terminal] WRITE: [press Enter for _work] 
[2025-03-21 02:30:50Z INFO Terminal] READ LINE
[2025-03-21 02:30:53Z INFO Terminal] Read value: ''
[2025-03-21 02:30:53Z INFO PromptManager] Falling back to the default: '_work'
[2025-03-21 02:30:53Z INFO ConfigurationStore] Saving runner settings.
[2025-03-21 02:30:53Z INFO ConfigurationStore] Settings Saved.
[2025-03-21 02:30:53Z INFO Terminal] WRITE LINE: 
[2025-03-21 02:30:53Z INFO Terminal] WRITE LINE: 
[2025-03-21 02:30:53Z INFO CommandSettings] Flag 'runasservice': 'False'
[2025-03-21 02:30:53Z INFO CommandSettings] Flag 'unattended': 'False'
[2025-03-21 02:30:53Z INFO PromptManager] ReadValue
[2025-03-21 02:30:53Z INFO Terminal] WRITE: Would you like to run the runner as service? (Y/N) 
[2025-03-21 02:30:53Z INFO Terminal] WRITE: [press Enter for N] 
[2025-03-21 02:30:53Z INFO Terminal] READ LINE
[2025-03-21 02:30:56Z INFO Terminal] Read value: 'Y'
[2025-03-21 02:30:56Z INFO ConfigurationManager] Configuring to run the agent as service
[2025-03-21 02:30:56Z INFO CommandSettings] Arg 'windowslogonaccount': ''
[2025-03-21 02:30:56Z INFO CommandSettings] Flag 'unattended': 'False'
[2025-03-21 02:30:56Z INFO PromptManager] ReadValue
[2025-03-21 02:30:56Z INFO Terminal] WRITE: User account to use for the service 
[2025-03-21 02:30:56Z INFO Terminal] WRITE: [press Enter for NT AUTHORITY\NETWORK SERVICE] 
[2025-03-21 02:30:56Z INFO Terminal] READ LINE
[2025-03-21 02:31:00Z INFO Terminal] Read value: ''
[2025-03-21 02:31:00Z INFO PromptManager] Falling back to the default: 'NT AUTHORITY\NETWORK SERVICE'
[2025-03-21 02:31:00Z INFO WindowsServiceControlManager] LogonAccount after transforming: NT AUTHORITY\NETWORK SERVICE, user: NETWORK SERVICE, domain: NT AUTHORITY
[2025-03-21 02:31:00Z INFO WindowsServiceControlManager] Service name 'actions.runner.Money-Lens-Money-Lens-App.Money-lens-Jashan' display name 'GitHub Actions Runner (Money-Lens-Money-Lens-App.Money-lens-Jashan)' will be used for service configuration.
[2025-03-21 02:31:00Z INFO WindowsServiceControlManager] Verifying if the account has LogonAsService permission
[2025-03-21 02:31:00Z INFO NativeWindowsServiceHelper] Successfully grant logon as service privilege to account 'NETWORK SERVICE'
[2025-03-21 02:31:00Z INFO WindowsServiceControlManager] Create local group and grant folder permission to service logon account.
[2025-03-21 02:31:00Z INFO HostContext] Well known directory 'Bin': 'C:\Users\jasha\Desktop\Resources\Money-Lens-App\actions-runner\bin'
[2025-03-21 02:31:00Z INFO HostContext] Well known directory 'Root': 'C:\Users\jasha\Desktop\Resources\Money-Lens-App\actions-runner'
[2025-03-21 02:31:00Z INFO ConfigurationStore] Read setting file: 317 chars
[2025-03-21 02:31:00Z INFO HostContext] Well known directory 'Bin': 'C:\Users\jasha\Desktop\Resources\Money-Lens-App\actions-runner\bin'
[2025-03-21 02:31:00Z INFO HostContext] Well known directory 'Root': 'C:\Users\jasha\Desktop\Resources\Money-Lens-App\actions-runner'
[2025-03-21 02:31:00Z INFO HostContext] Well known directory 'Work': 'C:\Users\jasha\Desktop\Resources\Money-Lens-App\actions-runner\_work'
[2025-03-21 02:31:00Z INFO HostContext] Well known directory 'Bin': 'C:\Users\jasha\Desktop\Resources\Money-Lens-App\actions-runner\bin'
[2025-03-21 02:31:00Z INFO NativeWindowsServiceHelper] Calculated unique group name GITHUB_ActionsRunner_G0a03b
[2025-03-21 02:31:00Z INFO NativeWindowsServiceHelper] Trying to create group GITHUB_ActionsRunner_G0a03b
[2025-03-21 02:31:00Z INFO NativeWindowsServiceHelper] Local Group 'GITHUB_ActionsRunner_G0a03b' created
[2025-03-21 02:31:00Z INFO NativeWindowsServiceHelper] Trying to add userName NT AUTHORITY\NETWORK SERVICE to the group GITHUB_ActionsRunner_G0a03b
[2025-03-21 02:31:00Z INFO NativeWindowsServiceHelper] Account 'NT AUTHORITY\NETWORK SERVICE' is added to local group 'GITHUB_ActionsRunner_G0a03b'.
[2025-03-21 02:31:00Z INFO NativeWindowsServiceHelper] Set full access control to group for the folder C:\Users\jasha\Desktop\Resources\Money-Lens-App\actions-runner
[2025-03-21 02:31:00Z INFO NativeWindowsServiceHelper] Set full access control to group for the folder C:\Users\jasha\Desktop\Resources\Money-Lens-App\actions-runner\_work
[2025-03-21 02:31:00Z INFO NativeWindowsServiceHelper] Local group 'GITHUB_ActionsRunner_G0a03b' already has full control to path 'C:\Users\jasha\Desktop\Resources\Money-Lens-App\actions-runner\_work'.
[2025-03-21 02:31:00Z INFO Terminal] WRITE LINE: Granting file permissions to 'NT AUTHORITY\NETWORK SERVICE'.
[2025-03-21 02:31:00Z INFO HostContext] Well known directory 'Bin': 'C:\Users\jasha\Desktop\Resources\Money-Lens-App\actions-runner\bin'
[2025-03-21 02:31:00Z INFO ProcessInvokerWrapper] Starting process:
[2025-03-21 02:31:00Z INFO ProcessInvokerWrapper]   File name: '"C:\Users\jasha\Desktop\Resources\Money-Lens-App\actions-runner\bin\RunnerService.exe"'
[2025-03-21 02:31:00Z INFO ProcessInvokerWrapper]   Arguments: 'init'
[2025-03-21 02:31:00Z INFO ProcessInvokerWrapper]   Working directory: ''
[2025-03-21 02:31:00Z INFO ProcessInvokerWrapper]   Require exit code zero: 'True'
[2025-03-21 02:31:00Z INFO ProcessInvokerWrapper]   Encoding web name:  ; code page: ''
[2025-03-21 02:31:00Z INFO ProcessInvokerWrapper]   Force kill process on cancellation: 'False'
[2025-03-21 02:31:00Z INFO ProcessInvokerWrapper]   Redirected STDIN: 'False'
[2025-03-21 02:31:00Z INFO ProcessInvokerWrapper]   Persist current code page: 'False'
[2025-03-21 02:31:00Z INFO ProcessInvokerWrapper]   Keep redirected STDIN open: 'False'
[2025-03-21 02:31:00Z INFO ProcessInvokerWrapper]   High priority process: 'False'
[2025-03-21 02:31:00Z INFO ProcessInvokerWrapper] Process started with process id 22232, waiting for process exit.
[2025-03-21 02:31:00Z INFO ProcessInvokerWrapper] STDOUT/STDERR stream read finished.
[2025-03-21 02:31:00Z INFO ProcessInvokerWrapper] STDOUT/STDERR stream read finished.
[2025-03-21 02:31:00Z INFO ProcessInvokerWrapper] Finished process 22232 with exit code 0, and elapsed time 00:00:00.1267812.
[2025-03-21 02:31:00Z INFO Terminal] WRITE LINE: Service actions.runner.Money-Lens-Money-Lens-App.Money-lens-Jashan successfully installed
[2025-03-21 02:31:00Z INFO Terminal] WRITE LINE: Service actions.runner.Money-Lens-Money-Lens-App.Money-lens-Jashan successfully set recovery option
[2025-03-21 02:31:00Z INFO Terminal] WRITE LINE: Service actions.runner.Money-Lens-Money-Lens-App.Money-lens-Jashan successfully set to delayed auto start
[2025-03-21 02:31:00Z INFO Terminal] WRITE LINE: Service actions.runner.Money-Lens-Money-Lens-App.Money-lens-Jashan successfully configured
[2025-03-21 02:31:00Z INFO HostContext] Well known directory 'Bin': 'C:\Users\jasha\Desktop\Resources\Money-Lens-App\actions-runner\bin'
[2025-03-21 02:31:00Z INFO HostContext] Well known directory 'Root': 'C:\Users\jasha\Desktop\Resources\Money-Lens-App\actions-runner'
[2025-03-21 02:31:00Z INFO HostContext] Well known config file 'Service': 'C:\Users\jasha\Desktop\Resources\Money-Lens-App\actions-runner\.service'
[2025-03-21 02:31:00Z INFO WindowsServiceControlManager] Configuration was successful, trying to start the service
[2025-03-21 02:31:00Z INFO Terminal] WRITE LINE: Waiting for service to start...
[2025-03-21 02:32:01Z ERR  NativeWindowsServiceHelper] System.InvalidOperationException: Cannot start the service actions.runner.Money-Lens-Money-Lens-App.Money-lens-Jashan in a timely fashion.
   at GitHub.Runner.Listener.Configuration.NativeWindowsServiceHelper.StartService(String serviceName)
[2025-03-21 02:32:01Z ERR  Terminal] WRITE ERROR: Cannot start the service. Check the logs for more details.
[2025-03-21 02:32:01Z ERR  Runner] System.InvalidOperationException: Cannot start the service actions.runner.Money-Lens-Money-Lens-App.Money-lens-Jashan in a timely fashion.
   at GitHub.Runner.Listener.Configuration.NativeWindowsServiceHelper.StartService(String serviceName)
   at GitHub.Runner.Listener.Configuration.WindowsServiceControlManager.ConfigureService(RunnerSettings settings, CommandSettings command)
   at GitHub.Runner.Listener.Configuration.ConfigurationManager.ConfigureAsync(CommandSettings command)
   at GitHub.Runner.Listener.Runner.ExecuteCommand(CommandSettings command)
[2025-03-21 02:32:01Z ERR  Terminal] WRITE ERROR: Cannot start the service actions.runner.Money-Lens-Money-Lens-App.Money-lens-Jashan in a timely fashion.
[2025-03-21 02:32:01Z INFO Listener] Runner execution has finished with return code 1
